<?xml version="1.0" encoding="UTF-8"?>
<testsuite xmlns:xsi="http://www.w3.org/2001/XMLSchema-instance" xsi:noNamespaceSchemaLocation="https://maven.apache.org/surefire/maven-surefire-plugin/xsd/surefire-test-report.xsd" version="3.0.2" name="helenocampos.github.io.fitapp.ImcControllerTest" time="0.101" tests="16" errors="0" skipped="0" failures="0">
  <properties>
[...]
</properties>
  <testcase name="testGetIMCClassificationByGender_ObesidadeLeve" classname="helenocampos.github.io.fitapp.ImcControllerTest" time="0.057"/>
  <testcase name="testGetIMCClassification_PesoNormal" classname="helenocampos.github.io.fitapp.ImcControllerTest" time="0.001"/>
  <testcase name="testGetIMCClassificationByGender_AbaixoPesoFeminino" classname="helenocampos.github.io.fitapp.ImcControllerTest" time="0.001"/>
  <testcase name="testGetGeneroPt_Infefinido" classname="helenocampos.github.io.fitapp.ImcControllerTest" time="0.001"/>
  <testcase name="testImcValue" classname="helenocampos.github.io.fitapp.ImcControllerTest" time="0.001"/>
  <testcase name="testGetIMCClassification_ExcessoPeso" classname="helenocampos.github.io.fitapp.ImcControllerTest" time="0.001"/>
  <testcase name="testGetIMCClassificationByGender_HiperObeso" classname="helenocampos.github.io.fitapp.ImcControllerTest" time="0.001"/>
  <testcase name="testGetIMCClassificationByGender_AbaixoPeso" classname="helenocampos.github.io.fitapp.ImcControllerTest" time="0.005"/>
  <testcase name="testImcValueAltura1" classname="helenocampos.github.io.fitapp.ImcControllerTest" time="0.001"/>
  <testcase name="testGetIMCClassificationByGender_ObesidadeModerada" classname="helenocampos.github.io.fitapp.ImcControllerTest" time="0.008"/>
  <testcase name="testGetGeneroPt_female" classname="helenocampos.github.io.fitapp.ImcControllerTest" time="0.001"/>
  <testcase name="testGetGeneroPt_male" classname="helenocampos.github.io.fitapp.ImcControllerTest" time="0.001"/>
  <testcase name="testGetIMCClassification_Obeso_1" classname="helenocampos.github.io.fitapp.ImcControllerTest" time="0.001"/>
  <testcase name="testGetIMCClassification_Obeso_2" classname="helenocampos.github.io.fitapp.ImcControllerTest" time="0.001"/>
  <testcase name="testGetIMCClassificationByGender_PesoNormal" classname="helenocampos.github.io.fitapp.ImcControllerTest" time="0.001"/>
  <testcase name="testGetIMCClassification_HiperObeso" classname="helenocampos.github.io.fitapp.ImcControllerTest" time="0.001"/>
</testsuite>